# JRE version: Java(TM) SE Runtime Environment (8.0_66-b17) (build 1.8.0_66-b17)
# Java VM: Java HotSpot(TM) 64-Bit Server VM (25.66-b17 mixed mode bsd-amd64 compressed oops)
Heap:
 PSYoungGen      total 76288K, used 2089K [0x000000076ab00000, 0x0000000770000000, 0x00000007c0000000)
  eden space 65536K, 3% used [0x000000076ab00000,0x000000076ad0a480,0x000000076eb00000)
  from space 10752K, 0% used [0x000000076eb00000,0x000000076eb00000,0x000000076f580000)
  to   space 10752K, 0% used [0x000000076f580000,0x000000076f580000,0x0000000770000000)
 ParOldGen       total 75776K, used 5676K [0x00000006c0000000, 0x00000006c4a00000, 0x000000076ab00000)
  object space 75776K, 7% used [0x00000006c0000000,0x00000006c058b3b0,0x00000006c4a00000)
 Metaspace       used 34907K, capacity 35394K, committed 35672K, reserved 1081344K
  class space    used 3140K, capacity 3291K, committed 3328K, reserved 1048576K
GC Heap History (10 events):
Event: 18.205 GC heap before
{Heap before GC invocations=2 (full 1):
 PSYoungGen      total 76288K, used 10745K [0x000000076ab00000, 0x0000000770000000, 0x00000007c0000000)
  eden space 65536K, 0% used [0x000000076ab00000,0x000000076ab00000,0x000000076eb00000)
  from space 10752K, 99% used [0x000000076eb00000,0x000000076f57e638,0x000000076f580000)
  to   space 10752K, 0% used [0x000000076f580000,0x000000076f580000,0x0000000770000000)
 ParOldGen       total 175104K, used 3997K [0x00000006c0000000, 0x00000006cab00000, 0x000000076ab00000)
  object space 175104K, 2% used [0x00000006c0000000,0x00000006c03e7740,0x00000006cab00000)
 Metaspace       used 20785K, capacity 21206K, committed 21248K, reserved 1069056K
  class space    used 2399K, capacity 2553K, committed 2560K, reserved 1048576K
Event: 18.235 GC heap after
Heap after GC invocations=2 (full 1):
 PSYoungGen      total 76288K, used 0K [0x000000076ab00000, 0x0000000770000000, 0x00000007c0000000)
  eden space 65536K, 0% used [0x000000076ab00000,0x000000076ab00000,0x000000076eb00000)
  from space 10752K, 0% used [0x000000076eb00000,0x000000076eb00000,0x000000076f580000)
  to   space 10752K, 0% used [0x000000076f580000,0x000000076f580000,0x0000000770000000)
 ParOldGen       total 83968K, used 14016K [0x00000006c0000000, 0x00000006c5200000, 0x000000076ab00000)
  object space 83968K, 16% used [0x00000006c0000000,0x00000006c0db0260,0x00000006c5200000)
 Metaspace       used 20785K, capacity 21206K, committed 21248K, reserved 1069056K
  class space    used 2399K, capacity 2553K, committed 2560K, reserved 1048576K
}
Event: 22.913 GC heap before
{Heap before GC invocations=3 (full 1):
 PSYoungGen      total 76288K, used 15848K [0x000000076ab00000, 0x0000000770000000, 0x00000007c0000000)
  eden space 65536K, 24% used [0x000000076ab00000,0x000000076ba7a3d0,0x000000076eb00000)
  from space 10752K, 0% used [0x000000076eb00000,0x000000076eb00000,0x000000076f580000)
  to   space 10752K, 0% used [0x000000076f580000,0x000000076f580000,0x0000000770000000)
 ParOldGen       total 83968K, used 14016K [0x00000006c0000000, 0x00000006c5200000, 0x000000076ab00000)
  object space 83968K, 16% used [0x00000006c0000000,0x00000006c0db0260,0x00000006c5200000)
 Metaspace       used 34906K, capacity 35336K, committed 35416K, reserved 1081344K
  class space    used 3140K, capacity 3292K, committed 3328K, reserved 1048576K
Event: 22.915 GC heap after
Heap after GC invocations=3 (full 1):
 PSYoungGen      total 76288K, used 448K [0x000000076ab00000, 0x0000000770000000, 0x00000007c0000000)
  eden space 65536K, 0% used [0x000000076ab00000,0x000000076ab00000,0x000000076eb00000)
  from space 10752K, 4% used [0x000000076f580000,0x000000076f5f0000,0x0000000770000000)
  to   space 10752K, 0% used [0x000000076eb00000,0x000000076eb00000,0x000000076f580000)
 ParOldGen       total 83968K, used 14024K [0x00000006c0000000, 0x00000006c5200000, 0x000000076ab00000)
  object space 83968K, 16% used [0x00000006c0000000,0x00000006c0db2260,0x00000006c5200000)
 Metaspace       used 34906K, capacity 35336K, committed 35416K, reserved 1081344K
  class space    used 3140K, capacity 3292K, committed 3328K, reserved 1048576K
}
Event: 22.915 GC heap before
{Heap before GC invocations=4 (full 2):
 PSYoungGen      total 76288K, used 448K [0x000000076ab00000, 0x0000000770000000, 0x00000007c0000000)
  eden space 65536K, 0% used [0x000000076ab00000,0x000000076ab00000,0x000000076eb00000)
  from space 10752K, 4% used [0x000000076f580000,0x000000076f5f0000,0x0000000770000000)
  to   space 10752K, 0% used [0x000000076eb00000,0x000000076eb00000,0x000000076f580000)
 ParOldGen       total 83968K, used 14024K [0x00000006c0000000, 0x00000006c5200000, 0x000000076ab00000)
  object space 83968K, 16% used [0x00000006c0000000,0x00000006c0db2260,0x00000006c5200000)
 Metaspace       used 34906K, capacity 35336K, committed 35416K, reserved 1081344K
  class space    used 3140K, capacity 3292K, committed 3328K, reserved 1048576K
Event: 22.951 GC heap after
Heap after GC invocations=4 (full 2):
 PSYoungGen      total 76288K, used 0K [0x000000076ab00000, 0x0000000770000000, 0x00000007c0000000)
  eden space 65536K, 0% used [0x000000076ab00000,0x000000076ab00000,0x000000076eb00000)
  from space 10752K, 0% used [0x000000076f580000,0x000000076f580000,0x0000000770000000)
  to   space 10752K, 0% used [0x000000076eb00000,0x000000076eb00000,0x000000076f580000)
 ParOldGen       total 76800K, used 5816K [0x00000006c0000000, 0x00000006c4b00000, 0x000000076ab00000)
  object space 76800K, 7% used [0x00000006c0000000,0x00000006c05ae3f8,0x00000006c4b00000)
 Metaspace       used 34905K, capacity 35330K, committed 35416K, reserved 1081344K
  class space    used 3140K, capacity 3291K, committed 3328K, reserved 1048576K
}
Event: 25.746 GC heap before
{Heap before GC invocations=5 (full 2):
 PSYoungGen      total 76288K, used 4728K [0x000000076ab00000, 0x0000000770000000, 0x00000007c0000000)
  eden space 65536K, 7% used [0x000000076ab00000,0x000000076af9e198,0x000000076eb00000)
  from space 10752K, 0% used [0x000000076f580000,0x000000076f580000,0x0000000770000000)
  to   space 10752K, 0% used [0x000000076eb00000,0x000000076eb00000,0x000000076f580000)
 ParOldGen       total 76800K, used 5816K [0x00000006c0000000, 0x00000006c4b00000, 0x000000076ab00000)
  object space 76800K, 7% used [0x00000006c0000000,0x00000006c05ae3f8,0x00000006c4b00000)
 Metaspace       used 34906K, capacity 35394K, committed 35672K, reserved 1081344K
  class space    used 3140K, capacity 3291K, committed 3328K, reserved 1048576K
Event: 25.748 GC heap after
Heap after GC invocations=5 (full 2):
 PSYoungGen      total 76288K, used 160K [0x000000076ab00000, 0x0000000770000000, 0x00000007c0000000)
  eden space 65536K, 0% used [0x000000076ab00000,0x000000076ab00000,0x000000076eb00000)
  from space 10752K, 1% used [0x000000076eb00000,0x000000076eb28000,0x000000076f580000)
  to   space 10752K, 0% used [0x000000076f580000,0x000000076f580000,0x0000000770000000)
 ParOldGen       total 76800K, used 5816K [0x00000006c0000000, 0x00000006c4b00000, 0x000000076ab00000)
  object space 76800K, 7% used [0x00000006c0000000,0x00000006c05ae3f8,0x00000006c4b00000)
 Metaspace       used 34906K, capacity 35394K, committed 35672K, reserved 1081344K
  class space    used 3140K, capacity 3291K, committed 3328K, reserved 1048576K
}
Event: 25.748 GC heap before
{Heap before GC invocations=6 (full 3):
 PSYoungGen      total 76288K, used 160K [0x000000076ab00000, 0x0000000770000000, 0x00000007c0000000)
  eden space 65536K, 0% used [0x000000076ab00000,0x000000076ab00000,0x000000076eb00000)
  from space 10752K, 1% used [0x000000076eb00000,0x000000076eb28000,0x000000076f580000)
  to   space 10752K, 0% used [0x000000076f580000,0x000000076f580000,0x0000000770000000)
 ParOldGen       total 76800K, used 5816K [0x00000006c0000000, 0x00000006c4b00000, 0x000000076ab00000)
  object space 76800K, 7% used [0x00000006c0000000,0x00000006c05ae3f8,0x00000006c4b00000)
 Metaspace       used 34906K, capacity 35394K, committed 35672K, reserved 1081344K
  class space    used 3140K, capacity 3291K, committed 3328K, reserved 1048576K
Event: 25.791 GC heap after
Heap after GC invocations=6 (full 3):
 PSYoungGen      total 76288K, used 0K [0x000000076ab00000, 0x0000000770000000, 0x00000007c0000000)
  eden space 65536K, 0% used [0x000000076ab00000,0x000000076ab00000,0x000000076eb00000)
  from space 10752K, 0% used [0x000000076eb00000,0x000000076eb00000,0x000000076f580000)
  to   space 10752K, 0% used [0x000000076f580000,0x000000076f580000,0x0000000770000000)
 ParOldGen       total 75776K, used 5676K [0x00000006c0000000, 0x00000006c4a00000, 0x000000076ab00000)
  object space 75776K, 7% used [0x00000006c0000000,0x00000006c058b3b0,0x00000006c4a00000)
 Metaspace       used 34906K, capacity 35394K, committed 35672K, reserved 1081344K
  class space    used 3140K, capacity 3291K, committed 3328K, reserved 1048576K
}

