# JRE version: Java(TM) SE Runtime Environment (8.0_66-b17) (build 1.8.0_66-b17)
# Java VM: Java HotSpot(TM) 64-Bit Server VM (25.66-b17 mixed mode bsd-amd64 compressed oops)
Heap:
 PSYoungGen      total 76288K, used 3008K [0x000000076ab00000, 0x0000000770000000, 0x00000007c0000000)
  eden space 65536K, 4% used [0x000000076ab00000,0x000000076adf0100,0x000000076eb00000)
  from space 10752K, 0% used [0x000000076eb00000,0x000000076eb00000,0x000000076f580000)
  to   space 10752K, 0% used [0x000000076f580000,0x000000076f580000,0x0000000770000000)
 ParOldGen       total 73728K, used 5671K [0x00000006c0000000, 0x00000006c4800000, 0x000000076ab00000)
  object space 73728K, 7% used [0x00000006c0000000,0x00000006c0589c38,0x00000006c4800000)
 Metaspace       used 34942K, capacity 35472K, committed 35752K, reserved 1081344K
  class space    used 3138K, capacity 3310K, committed 3376K, reserved 1048576K
GC Heap History (10 events):
Event: 36.033 GC heap before
{Heap before GC invocations=2 (full 1):
 PSYoungGen      total 76288K, used 10740K [0x000000076ab00000, 0x0000000770000000, 0x00000007c0000000)
  eden space 65536K, 0% used [0x000000076ab00000,0x000000076ab00000,0x000000076eb00000)
  from space 10752K, 99% used [0x000000076eb00000,0x000000076f57d320,0x000000076f580000)
  to   space 10752K, 0% used [0x000000076f580000,0x000000076f580000,0x0000000770000000)
 ParOldGen       total 175104K, used 3728K [0x00000006c0000000, 0x00000006cab00000, 0x000000076ab00000)
  object space 175104K, 2% used [0x00000006c0000000,0x00000006c03a4098,0x00000006cab00000)
 Metaspace       used 20789K, capacity 21250K, committed 21296K, reserved 1069056K
  class space    used 2389K, capacity 2567K, committed 2608K, reserved 1048576K
Event: 36.063 GC heap after
Heap after GC invocations=2 (full 1):
 PSYoungGen      total 76288K, used 0K [0x000000076ab00000, 0x0000000770000000, 0x00000007c0000000)
  eden space 65536K, 0% used [0x000000076ab00000,0x000000076ab00000,0x000000076eb00000)
  from space 10752K, 0% used [0x000000076eb00000,0x000000076eb00000,0x000000076f580000)
  to   space 10752K, 0% used [0x000000076f580000,0x000000076f580000,0x0000000770000000)
 ParOldGen       total 83456K, used 13816K [0x00000006c0000000, 0x00000006c5180000, 0x000000076ab00000)
  object space 83456K, 16% used [0x00000006c0000000,0x00000006c0d7e088,0x00000006c5180000)
 Metaspace       used 20789K, capacity 21250K, committed 21296K, reserved 1069056K
  class space    used 2389K, capacity 2567K, committed 2608K, reserved 1048576K
}
Event: 39.425 GC heap before
{Heap before GC invocations=3 (full 1):
 PSYoungGen      total 76288K, used 16018K [0x000000076ab00000, 0x0000000770000000, 0x00000007c0000000)
  eden space 65536K, 24% used [0x000000076ab00000,0x000000076baa4bd0,0x000000076eb00000)
  from space 10752K, 0% used [0x000000076eb00000,0x000000076eb00000,0x000000076f580000)
  to   space 10752K, 0% used [0x000000076f580000,0x000000076f580000,0x0000000770000000)
 ParOldGen       total 83456K, used 13816K [0x00000006c0000000, 0x00000006c5180000, 0x000000076ab00000)
  object space 83456K, 16% used [0x00000006c0000000,0x00000006c0d7e088,0x00000006c5180000)
 Metaspace       used 34917K, capacity 35378K, committed 35496K, reserved 1081344K
  class space    used 3136K, capacity 3305K, committed 3376K, reserved 1048576K
Event: 39.428 GC heap after
Heap after GC invocations=3 (full 1):
 PSYoungGen      total 76288K, used 544K [0x000000076ab00000, 0x0000000770000000, 0x00000007c0000000)
  eden space 65536K, 0% used [0x000000076ab00000,0x000000076ab00000,0x000000076eb00000)
  from space 10752K, 5% used [0x000000076f580000,0x000000076f608000,0x0000000770000000)
  to   space 10752K, 0% used [0x000000076eb00000,0x000000076eb00000,0x000000076f580000)
 ParOldGen       total 83456K, used 13816K [0x00000006c0000000, 0x00000006c5180000, 0x000000076ab00000)
  object space 83456K, 16% used [0x00000006c0000000,0x00000006c0d7e088,0x00000006c5180000)
 Metaspace       used 34917K, capacity 35378K, committed 35496K, reserved 1081344K
  class space    used 3136K, capacity 3305K, committed 3376K, reserved 1048576K
}
Event: 39.428 GC heap before
{Heap before GC invocations=4 (full 2):
 PSYoungGen      total 76288K, used 544K [0x000000076ab00000, 0x0000000770000000, 0x00000007c0000000)
  eden space 65536K, 0% used [0x000000076ab00000,0x000000076ab00000,0x000000076eb00000)
  from space 10752K, 5% used [0x000000076f580000,0x000000076f608000,0x0000000770000000)
  to   space 10752K, 0% used [0x000000076eb00000,0x000000076eb00000,0x000000076f580000)
 ParOldGen       total 83456K, used 13816K [0x00000006c0000000, 0x00000006c5180000, 0x000000076ab00000)
  object space 83456K, 16% used [0x00000006c0000000,0x00000006c0d7e088,0x00000006c5180000)
 Metaspace       used 34917K, capacity 35378K, committed 35496K, reserved 1081344K
  class space    used 3136K, capacity 3305K, committed 3376K, reserved 1048576K
Event: 39.468 GC heap after
Heap after GC invocations=4 (full 2):
 PSYoungGen      total 76288K, used 0K [0x000000076ab00000, 0x0000000770000000, 0x00000007c0000000)
  eden space 65536K, 0% used [0x000000076ab00000,0x000000076ab00000,0x000000076eb00000)
  from space 10752K, 0% used [0x000000076f580000,0x000000076f580000,0x0000000770000000)
  to   space 10752K, 0% used [0x000000076eb00000,0x000000076eb00000,0x000000076f580000)
 ParOldGen       total 73216K, used 5784K [0x00000006c0000000, 0x00000006c4780000, 0x000000076ab00000)
  object space 73216K, 7% used [0x00000006c0000000,0x00000006c05a63a0,0x00000006c4780000)
 Metaspace       used 34916K, capacity 35372K, committed 35496K, reserved 1081344K
  class space    used 3135K, capacity 3304K, committed 3376K, reserved 1048576K
}
Event: 53.043 GC heap before
{Heap before GC invocations=5 (full 2):
 PSYoungGen      total 76288K, used 7048K [0x000000076ab00000, 0x0000000770000000, 0x00000007c0000000)
  eden space 65536K, 10% used [0x000000076ab00000,0x000000076b1e2340,0x000000076eb00000)
  from space 10752K, 0% used [0x000000076f580000,0x000000076f580000,0x0000000770000000)
  to   space 10752K, 0% used [0x000000076eb00000,0x000000076eb00000,0x000000076f580000)
 ParOldGen       total 73216K, used 5784K [0x00000006c0000000, 0x00000006c4780000, 0x000000076ab00000)
  object space 73216K, 7% used [0x00000006c0000000,0x00000006c05a63a0,0x00000006c4780000)
 Metaspace       used 34936K, capacity 35460K, committed 35752K, reserved 1081344K
  class space    used 3137K, capacity 3308K, committed 3376K, reserved 1048576K
Event: 53.045 GC heap after
Heap after GC invocations=5 (full 2):
 PSYoungGen      total 76288K, used 160K [0x000000076ab00000, 0x0000000770000000, 0x00000007c0000000)
  eden space 65536K, 0% used [0x000000076ab00000,0x000000076ab00000,0x000000076eb00000)
  from space 10752K, 1% used [0x000000076eb00000,0x000000076eb28000,0x000000076f580000)
  to   space 10752K, 0% used [0x000000076f580000,0x000000076f580000,0x0000000770000000)
 ParOldGen       total 73216K, used 5792K [0x00000006c0000000, 0x00000006c4780000, 0x000000076ab00000)
  object space 73216K, 7% used [0x00000006c0000000,0x00000006c05a83a0,0x00000006c4780000)
 Metaspace       used 34936K, capacity 35460K, committed 35752K, reserved 1081344K
  class space    used 3137K, capacity 3308K, committed 3376K, reserved 1048576K
}
Event: 53.045 GC heap before
{Heap before GC invocations=6 (full 3):
 PSYoungGen      total 76288K, used 160K [0x000000076ab00000, 0x0000000770000000, 0x00000007c0000000)
  eden space 65536K, 0% used [0x000000076ab00000,0x000000076ab00000,0x000000076eb00000)
  from space 10752K, 1% used [0x000000076eb00000,0x000000076eb28000,0x000000076f580000)
  to   space 10752K, 0% used [0x000000076f580000,0x000000076f580000,0x0000000770000000)
 ParOldGen       total 73216K, used 5792K [0x00000006c0000000, 0x00000006c4780000, 0x000000076ab00000)
  object space 73216K, 7% used [0x00000006c0000000,0x00000006c05a83a0,0x00000006c4780000)
 Metaspace       used 34936K, capacity 35460K, committed 35752K, reserved 1081344K
  class space    used 3137K, capacity 3308K, committed 3376K, reserved 1048576K
Event: 53.093 GC heap after
Heap after GC invocations=6 (full 3):
 PSYoungGen      total 76288K, used 0K [0x000000076ab00000, 0x0000000770000000, 0x00000007c0000000)
  eden space 65536K, 0% used [0x000000076ab00000,0x000000076ab00000,0x000000076eb00000)
  from space 10752K, 0% used [0x000000076eb00000,0x000000076eb00000,0x000000076f580000)
  to   space 10752K, 0% used [0x000000076f580000,0x000000076f580000,0x0000000770000000)
 ParOldGen       total 73728K, used 5671K [0x00000006c0000000, 0x00000006c4800000, 0x000000076ab00000)
  object space 73728K, 7% used [0x00000006c0000000,0x00000006c0589c38,0x00000006c4800000)
 Metaspace       used 34936K, capacity 35460K, committed 35752K, reserved 1081344K
  class space    used 3137K, capacity 3308K, committed 3376K, reserved 1048576K
}

