# JRE version: Java(TM) SE Runtime Environment (8.0_66-b17) (build 1.8.0_66-b17)
# Java VM: Java HotSpot(TM) 64-Bit Server VM (25.66-b17 mixed mode bsd-amd64 compressed oops)
Heap:
 PSYoungGen      total 76800K, used 1041K [0x000000076ab00000, 0x0000000770c80000, 0x00000007c0000000)
  eden space 67072K, 1% used [0x000000076ab00000,0x000000076ac045c8,0x000000076ec80000)
  from space 9728K, 0% used [0x0000000770300000,0x0000000770300000,0x0000000770c80000)
  to   space 16384K, 0% used [0x000000076ec80000,0x000000076ec80000,0x000000076fc80000)
 ParOldGen       total 119808K, used 6765K [0x00000006c0000000, 0x00000006c7500000, 0x000000076ab00000)
  object space 119808K, 5% used [0x00000006c0000000,0x00000006c069b7b0,0x00000006c7500000)
 Metaspace       used 59171K, capacity 59726K, committed 59904K, reserved 1103872K
  class space    used 4340K, capacity 4552K, committed 4608K, reserved 1048576K
GC Heap History (10 events):
Event: 598.732 GC heap before
{Heap before GC invocations=11 (full 5):
 PSYoungGen      total 78336K, used 160K [0x000000076ab00000, 0x0000000770b00000, 0x00000007c0000000)
  eden space 62464K, 0% used [0x000000076ab00000,0x000000076ab00000,0x000000076e800000)
  from space 15872K, 1% used [0x000000076fb80000,0x000000076fba8000,0x0000000770b00000)
  to   space 17920K, 0% used [0x000000076e800000,0x000000076e800000,0x000000076f980000)
 ParOldGen       total 82944K, used 14854K [0x00000006c0000000, 0x00000006c5100000, 0x000000076ab00000)
  object space 82944K, 17% used [0x00000006c0000000,0x00000006c0e81960,0x00000006c5100000)
 Metaspace       used 58946K, capacity 59498K, committed 59712K, reserved 1103872K
  class space    used 4344K, capacity 4558K, committed 4608K, reserved 1048576K
Event: 598.760 GC heap after
Heap after GC invocations=11 (full 5):
 PSYoungGen      total 78336K, used 0K [0x000000076ab00000, 0x0000000770b00000, 0x00000007c0000000)
  eden space 62464K, 0% used [0x000000076ab00000,0x000000076ab00000,0x000000076e800000)
  from space 15872K, 0% used [0x000000076fb80000,0x000000076fb80000,0x0000000770b00000)
  to   space 17920K, 0% used [0x000000076e800000,0x000000076e800000,0x000000076f980000)
 ParOldGen       total 80896K, used 14555K [0x00000006c0000000, 0x00000006c4f00000, 0x000000076ab00000)
  object space 80896K, 17% used [0x00000006c0000000,0x00000006c0e36ff0,0x00000006c4f00000)
 Metaspace       used 58946K, capacity 59498K, committed 59712K, reserved 1103872K
  class space    used 4344K, capacity 4558K, committed 4608K, reserved 1048576K
}
Event: 599.286 GC heap before
{Heap before GC invocations=12 (full 5):
 PSYoungGen      total 78336K, used 4792K [0x000000076ab00000, 0x0000000770b00000, 0x00000007c0000000)
  eden space 62464K, 7% used [0x000000076ab00000,0x000000076afae058,0x000000076e800000)
  from space 15872K, 0% used [0x000000076fb80000,0x000000076fb80000,0x0000000770b00000)
  to   space 17920K, 0% used [0x000000076e800000,0x000000076e800000,0x000000076f980000)
 ParOldGen       total 80896K, used 14555K [0x00000006c0000000, 0x00000006c4f00000, 0x000000076ab00000)
  object space 80896K, 17% used [0x00000006c0000000,0x00000006c0e36ff0,0x00000006c4f00000)
 Metaspace       used 59174K, capacity 59756K, committed 59904K, reserved 1103872K
  class space    used 4345K, capacity 4559K, committed 4608K, reserved 1048576K
Event: 599.289 GC heap after
Heap after GC invocations=12 (full 5):
 PSYoungGen      total 80384K, used 288K [0x000000076ab00000, 0x0000000771400000, 0x00000007c0000000)
  eden space 62464K, 0% used [0x000000076ab00000,0x000000076ab00000,0x000000076e800000)
  from space 17920K, 1% used [0x000000076e800000,0x000000076e848000,0x000000076f980000)
  to   space 17408K, 0% used [0x0000000770300000,0x0000000770300000,0x0000000771400000)
 ParOldGen       total 80896K, used 14555K [0x00000006c0000000, 0x00000006c4f00000, 0x000000076ab00000)
  object space 80896K, 17% used [0x00000006c0000000,0x00000006c0e36ff0,0x00000006c4f00000)
 Metaspace       used 59174K, capacity 59756K, committed 59904K, reserved 1103872K
  class space    used 4345K, capacity 4559K, committed 4608K, reserved 1048576K
}
Event: 599.289 GC heap before
{Heap before GC invocations=13 (full 6):
 PSYoungGen      total 80384K, used 288K [0x000000076ab00000, 0x0000000771400000, 0x00000007c0000000)
  eden space 62464K, 0% used [0x000000076ab00000,0x000000076ab00000,0x000000076e800000)
  from space 17920K, 1% used [0x000000076e800000,0x000000076e848000,0x000000076f980000)
  to   space 17408K, 0% used [0x0000000770300000,0x0000000770300000,0x0000000771400000)
 ParOldGen       total 80896K, used 14555K [0x00000006c0000000, 0x00000006c4f00000, 0x000000076ab00000)
  object space 80896K, 17% used [0x00000006c0000000,0x00000006c0e36ff0,0x00000006c4f00000)
 Metaspace       used 59174K, capacity 59756K, committed 59904K, reserved 1103872K
  class space    used 4345K, capacity 4559K, committed 4608K, reserved 1048576K
Event: 599.316 GC heap after
Heap after GC invocations=13 (full 6):
 PSYoungGen      total 80384K, used 0K [0x000000076ab00000, 0x0000000771400000, 0x00000007c0000000)
  eden space 62464K, 0% used [0x000000076ab00000,0x000000076ab00000,0x000000076e800000)
  from space 17920K, 0% used [0x000000076e800000,0x000000076e800000,0x000000076f980000)
  to   space 17408K, 0% used [0x0000000770300000,0x0000000770300000,0x0000000771400000)
 ParOldGen       total 95744K, used 6357K [0x00000006c0000000, 0x00000006c5d80000, 0x000000076ab00000)
  object space 95744K, 6% used [0x00000006c0000000,0x00000006c06356d8,0x00000006c5d80000)
 Metaspace       used 59166K, capacity 59742K, committed 59904K, reserved 1103872K
  class space    used 4343K, capacity 4555K, committed 4608K, reserved 1048576K
}
Event: 664.255 GC heap before
{Heap before GC invocations=14 (full 6):
 PSYoungGen      total 80384K, used 10246K [0x000000076ab00000, 0x0000000771400000, 0x00000007c0000000)
  eden space 62464K, 16% used [0x000000076ab00000,0x000000076b501aa8,0x000000076e800000)
  from space 17920K, 0% used [0x000000076e800000,0x000000076e800000,0x000000076f980000)
  to   space 17408K, 0% used [0x0000000770300000,0x0000000770300000,0x0000000771400000)
 ParOldGen       total 95744K, used 6357K [0x00000006c0000000, 0x00000006c5d80000, 0x000000076ab00000)
  object space 95744K, 6% used [0x00000006c0000000,0x00000006c06356d8,0x00000006c5d80000)
 Metaspace       used 59185K, capacity 59742K, committed 59904K, reserved 1103872K
  class space    used 4343K, capacity 4555K, committed 4608K, reserved 1048576K
Event: 664.258 GC heap after
Heap after GC invocations=14 (full 6):
 PSYoungGen      total 76800K, used 734K [0x000000076ab00000, 0x0000000770c80000, 0x00000007c0000000)
  eden space 67072K, 0% used [0x000000076ab00000,0x000000076ab00000,0x000000076ec80000)
  from space 9728K, 7% used [0x0000000770300000,0x00000007703b7b10,0x0000000770c80000)
  to   space 16384K, 0% used [0x000000076ec80000,0x000000076ec80000,0x000000076fc80000)
 ParOldGen       total 95744K, used 6357K [0x00000006c0000000, 0x00000006c5d80000, 0x000000076ab00000)
  object space 95744K, 6% used [0x00000006c0000000,0x00000006c06356d8,0x00000006c5d80000)
 Metaspace       used 59185K, capacity 59742K, committed 59904K, reserved 1103872K
  class space    used 4343K, capacity 4555K, committed 4608K, reserved 1048576K
}
Event: 664.258 GC heap before
{Heap before GC invocations=15 (full 7):
 PSYoungGen      total 76800K, used 734K [0x000000076ab00000, 0x0000000770c80000, 0x00000007c0000000)
  eden space 67072K, 0% used [0x000000076ab00000,0x000000076ab00000,0x000000076ec80000)
  from space 9728K, 7% used [0x0000000770300000,0x00000007703b7b10,0x0000000770c80000)
  to   space 16384K, 0% used [0x000000076ec80000,0x000000076ec80000,0x000000076fc80000)
 ParOldGen       total 95744K, used 6357K [0x00000006c0000000, 0x00000006c5d80000, 0x000000076ab00000)
  object space 95744K, 6% used [0x00000006c0000000,0x00000006c06356d8,0x00000006c5d80000)
 Metaspace       used 59185K, capacity 59742K, committed 59904K, reserved 1103872K
  class space    used 4343K, capacity 4555K, committed 4608K, reserved 1048576K
Event: 664.288 GC heap after
Heap after GC invocations=15 (full 7):
 PSYoungGen      total 76800K, used 0K [0x000000076ab00000, 0x0000000770c80000, 0x00000007c0000000)
  eden space 67072K, 0% used [0x000000076ab00000,0x000000076ab00000,0x000000076ec80000)
  from space 9728K, 0% used [0x0000000770300000,0x0000000770300000,0x0000000770c80000)
  to   space 16384K, 0% used [0x000000076ec80000,0x000000076ec80000,0x000000076fc80000)
 ParOldGen       total 119808K, used 6765K [0x00000006c0000000, 0x00000006c7500000, 0x000000076ab00000)
  object space 119808K, 5% used [0x00000006c0000000,0x00000006c069b7b0,0x00000006c7500000)
 Metaspace       used 59171K, capacity 59726K, committed 59904K, reserved 1103872K
  class space    used 4340K, capacity 4552K, committed 4608K, reserved 1048576K
}

