# JRE version: Java(TM) SE Runtime Environment (8.0_66-b17) (build 1.8.0_66-b17)
# Java VM: Java HotSpot(TM) 64-Bit Server VM (25.66-b17 mixed mode bsd-amd64 compressed oops)
Heap:
 PSYoungGen      total 76288K, used 2089K [0x000000076ab00000, 0x0000000770000000, 0x00000007c0000000)
  eden space 65536K, 3% used [0x000000076ab00000,0x000000076ad0a680,0x000000076eb00000)
  from space 10752K, 0% used [0x000000076f580000,0x000000076f580000,0x0000000770000000)
  to   space 10752K, 0% used [0x000000076eb00000,0x000000076eb00000,0x000000076f580000)
 ParOldGen       total 76288K, used 5891K [0x00000006c0000000, 0x00000006c4a80000, 0x000000076ab00000)
  object space 76288K, 7% used [0x00000006c0000000,0x00000006c05c0f10,0x00000006c4a80000)
 Metaspace       used 34646K, capacity 35166K, committed 35328K, reserved 1081344K
  class space    used 3113K, capacity 3293K, committed 3328K, reserved 1048576K
GC Heap History (8 events):
Event: 29.984 GC heap before
{Heap before GC invocations=1 (full 0):
 PSYoungGen      total 76288K, used 48540K [0x000000076ab00000, 0x0000000770000000, 0x00000007c0000000)
  eden space 65536K, 74% used [0x000000076ab00000,0x000000076da67318,0x000000076eb00000)
  from space 10752K, 0% used [0x000000076f580000,0x000000076f580000,0x0000000770000000)
  to   space 10752K, 0% used [0x000000076eb00000,0x000000076eb00000,0x000000076f580000)
 ParOldGen       total 175104K, used 0K [0x00000006c0000000, 0x00000006cab00000, 0x000000076ab00000)
  object space 175104K, 0% used [0x00000006c0000000,0x00000006c0000000,0x00000006cab00000)
 Metaspace       used 20774K, capacity 21222K, committed 21248K, reserved 1069056K
  class space    used 2379K, capacity 2553K, committed 2560K, reserved 1048576K
Event: 29.995 GC heap after
Heap after GC invocations=1 (full 0):
 PSYoungGen      total 76288K, used 10751K [0x000000076ab00000, 0x0000000770000000, 0x00000007c0000000)
  eden space 65536K, 0% used [0x000000076ab00000,0x000000076ab00000,0x000000076eb00000)
  from space 10752K, 99% used [0x000000076eb00000,0x000000076f57fce8,0x000000076f580000)
  to   space 10752K, 0% used [0x000000076f580000,0x000000076f580000,0x0000000770000000)
 ParOldGen       total 175104K, used 3723K [0x00000006c0000000, 0x00000006cab00000, 0x000000076ab00000)
  object space 175104K, 2% used [0x00000006c0000000,0x00000006c03a2ce0,0x00000006cab00000)
 Metaspace       used 20774K, capacity 21222K, committed 21248K, reserved 1069056K
  class space    used 2379K, capacity 2553K, committed 2560K, reserved 1048576K
}
Event: 29.995 GC heap before
{Heap before GC invocations=2 (full 1):
 PSYoungGen      total 76288K, used 10751K [0x000000076ab00000, 0x0000000770000000, 0x00000007c0000000)
  eden space 65536K, 0% used [0x000000076ab00000,0x000000076ab00000,0x000000076eb00000)
  from space 10752K, 99% used [0x000000076eb00000,0x000000076f57fce8,0x000000076f580000)
  to   space 10752K, 0% used [0x000000076f580000,0x000000076f580000,0x0000000770000000)
 ParOldGen       total 175104K, used 3723K [0x00000006c0000000, 0x00000006cab00000, 0x000000076ab00000)
  object space 175104K, 2% used [0x00000006c0000000,0x00000006c03a2ce0,0x00000006cab00000)
 Metaspace       used 20774K, capacity 21222K, committed 21248K, reserved 1069056K
  class space    used 2379K, capacity 2553K, committed 2560K, reserved 1048576K
Event: 30.026 GC heap after
Heap after GC invocations=2 (full 1):
 PSYoungGen      total 76288K, used 0K [0x000000076ab00000, 0x0000000770000000, 0x00000007c0000000)
  eden space 65536K, 0% used [0x000000076ab00000,0x000000076ab00000,0x000000076eb00000)
  from space 10752K, 0% used [0x000000076eb00000,0x000000076eb00000,0x000000076f580000)
  to   space 10752K, 0% used [0x000000076f580000,0x000000076f580000,0x0000000770000000)
 ParOldGen       total 83456K, used 13798K [0x00000006c0000000, 0x00000006c5180000, 0x000000076ab00000)
  object space 83456K, 16% used [0x00000006c0000000,0x00000006c0d79948,0x00000006c5180000)
 Metaspace       used 20774K, capacity 21222K, committed 21248K, reserved 1069056K
  class space    used 2379K, capacity 2553K, committed 2560K, reserved 1048576K
}
Event: 53.120 GC heap before
{Heap before GC invocations=3 (full 1):
 PSYoungGen      total 76288K, used 18395K [0x000000076ab00000, 0x0000000770000000, 0x00000007c0000000)
  eden space 65536K, 28% used [0x000000076ab00000,0x000000076bcf6c20,0x000000076eb00000)
  from space 10752K, 0% used [0x000000076eb00000,0x000000076eb00000,0x000000076f580000)
  to   space 10752K, 0% used [0x000000076f580000,0x000000076f580000,0x0000000770000000)
 ParOldGen       total 83456K, used 13798K [0x00000006c0000000, 0x00000006c5180000, 0x000000076ab00000)
  object space 83456K, 16% used [0x00000006c0000000,0x00000006c0d79948,0x00000006c5180000)
 Metaspace       used 34647K, capacity 35172K, committed 35328K, reserved 1081344K
  class space    used 3113K, capacity 3294K, committed 3328K, reserved 1048576K
Event: 53.123 GC heap after
Heap after GC invocations=3 (full 1):
 PSYoungGen      total 76288K, used 671K [0x000000076ab00000, 0x0000000770000000, 0x00000007c0000000)
  eden space 65536K, 0% used [0x000000076ab00000,0x000000076ab00000,0x000000076eb00000)
  from space 10752K, 6% used [0x000000076f580000,0x000000076f627d90,0x0000000770000000)
  to   space 10752K, 0% used [0x000000076eb00000,0x000000076eb00000,0x000000076f580000)
 ParOldGen       total 83456K, used 13806K [0x00000006c0000000, 0x00000006c5180000, 0x000000076ab00000)
  object space 83456K, 16% used [0x00000006c0000000,0x00000006c0d7b948,0x00000006c5180000)
 Metaspace       used 34647K, capacity 35172K, committed 35328K, reserved 1081344K
  class space    used 3113K, capacity 3294K, committed 3328K, reserved 1048576K
}
Event: 53.123 GC heap before
{Heap before GC invocations=4 (full 2):
 PSYoungGen      total 76288K, used 671K [0x000000076ab00000, 0x0000000770000000, 0x00000007c0000000)
  eden space 65536K, 0% used [0x000000076ab00000,0x000000076ab00000,0x000000076eb00000)
  from space 10752K, 6% used [0x000000076f580000,0x000000076f627d90,0x0000000770000000)
  to   space 10752K, 0% used [0x000000076eb00000,0x000000076eb00000,0x000000076f580000)
 ParOldGen       total 83456K, used 13806K [0x00000006c0000000, 0x00000006c5180000, 0x000000076ab00000)
  object space 83456K, 16% used [0x00000006c0000000,0x00000006c0d7b948,0x00000006c5180000)
 Metaspace       used 34647K, capacity 35172K, committed 35328K, reserved 1081344K
  class space    used 3113K, capacity 3294K, committed 3328K, reserved 1048576K
Event: 53.168 GC heap after
Heap after GC invocations=4 (full 2):
 PSYoungGen      total 76288K, used 0K [0x000000076ab00000, 0x0000000770000000, 0x00000007c0000000)
  eden space 65536K, 0% used [0x000000076ab00000,0x000000076ab00000,0x000000076eb00000)
  from space 10752K, 0% used [0x000000076f580000,0x000000076f580000,0x0000000770000000)
  to   space 10752K, 0% used [0x000000076eb00000,0x000000076eb00000,0x000000076f580000)
 ParOldGen       total 76288K, used 5891K [0x00000006c0000000, 0x00000006c4a80000, 0x000000076ab00000)
  object space 76288K, 7% used [0x00000006c0000000,0x00000006c05c0f10,0x00000006c4a80000)
 Metaspace       used 34646K, capacity 35166K, committed 35328K, reserved 1081344K
  class space    used 3113K, capacity 3293K, committed 3328K, reserved 1048576K
}

