# JRE version: Java(TM) SE Runtime Environment (8.0_66-b17) (build 1.8.0_66-b17)
# Java VM: Java HotSpot(TM) 64-Bit Server VM (25.66-b17 mixed mode bsd-amd64 compressed oops)
Heap:
 PSYoungGen      total 76288K, used 1033K [0x000000076ab00000, 0x0000000770000000, 0x00000007c0000000)
  eden space 65536K, 1% used [0x000000076ab00000,0x000000076ac02420,0x000000076eb00000)
  from space 10752K, 0% used [0x000000076f580000,0x000000076f580000,0x0000000770000000)
  to   space 10752K, 0% used [0x000000076eb00000,0x000000076eb00000,0x000000076f580000)
 ParOldGen       total 110592K, used 5831K [0x00000006c0000000, 0x00000006c6c00000, 0x000000076ab00000)
  object space 110592K, 5% used [0x00000006c0000000,0x00000006c05b1e08,0x00000006c6c00000)
 Metaspace       used 58524K, capacity 59008K, committed 59136K, reserved 1103872K
  class space    used 4374K, capacity 4561K, committed 4608K, reserved 1048576K
GC Heap History (10 events):
Event: 56.869 GC heap before
{Heap before GC invocations=4 (full 2):
 PSYoungGen      total 76288K, used 448K [0x000000076ab00000, 0x0000000770000000, 0x00000007c0000000)
  eden space 65536K, 0% used [0x000000076ab00000,0x000000076ab00000,0x000000076eb00000)
  from space 10752K, 4% used [0x000000076f580000,0x000000076f5f0000,0x0000000770000000)
  to   space 10752K, 0% used [0x000000076eb00000,0x000000076eb00000,0x000000076f580000)
 ParOldGen       total 83456K, used 13811K [0x00000006c0000000, 0x00000006c5180000, 0x000000076ab00000)
  object space 83456K, 16% used [0x00000006c0000000,0x00000006c0d7cd80,0x00000006c5180000)
 Metaspace       used 34567K, capacity 35006K, committed 35328K, reserved 1081344K
  class space    used 3112K, capacity 3261K, committed 3328K, reserved 1048576K
Event: 56.906 GC heap after
Heap after GC invocations=4 (full 2):
 PSYoungGen      total 76288K, used 0K [0x000000076ab00000, 0x0000000770000000, 0x00000007c0000000)
  eden space 65536K, 0% used [0x000000076ab00000,0x000000076ab00000,0x000000076eb00000)
  from space 10752K, 0% used [0x000000076f580000,0x000000076f580000,0x0000000770000000)
  to   space 10752K, 0% used [0x000000076eb00000,0x000000076eb00000,0x000000076f580000)
 ParOldGen       total 75264K, used 4598K [0x00000006c0000000, 0x00000006c4980000, 0x000000076ab00000)
  object space 75264K, 6% used [0x00000006c0000000,0x00000006c047dac8,0x00000006c4980000)
 Metaspace       used 34565K, capacity 35000K, committed 35328K, reserved 1081344K
  class space    used 3111K, capacity 3260K, committed 3328K, reserved 1048576K
}
Event: 70.305 GC heap before
{Heap before GC invocations=5 (full 2):
 PSYoungGen      total 76288K, used 56283K [0x000000076ab00000, 0x0000000770000000, 0x00000007c0000000)
  eden space 65536K, 85% used [0x000000076ab00000,0x000000076e1f6d40,0x000000076eb00000)
  from space 10752K, 0% used [0x000000076f580000,0x000000076f580000,0x0000000770000000)
  to   space 10752K, 0% used [0x000000076eb00000,0x000000076eb00000,0x000000076f580000)
 ParOldGen       total 75264K, used 4598K [0x00000006c0000000, 0x00000006c4980000, 0x000000076ab00000)
  object space 75264K, 6% used [0x00000006c0000000,0x00000006c047dac8,0x00000006c4980000)
 Metaspace       used 58375K, capacity 58822K, committed 58880K, reserved 1103872K
  class space    used 4374K, capacity 4562K, committed 4608K, reserved 1048576K
Event: 70.309 GC heap after
Heap after GC invocations=5 (full 2):
 PSYoungGen      total 76288K, used 10750K [0x000000076ab00000, 0x0000000770000000, 0x00000007c0000000)
  eden space 65536K, 0% used [0x000000076ab00000,0x000000076ab00000,0x000000076eb00000)
  from space 10752K, 99% used [0x000000076eb00000,0x000000076f57f818,0x000000076f580000)
  to   space 10752K, 0% used [0x000000076f580000,0x000000076f580000,0x0000000770000000)
 ParOldGen       total 75264K, used 5368K [0x00000006c0000000, 0x00000006c4980000, 0x000000076ab00000)
  object space 75264K, 7% used [0x00000006c0000000,0x00000006c053e220,0x00000006c4980000)
 Metaspace       used 58375K, capacity 58822K, committed 58880K, reserved 1103872K
  class space    used 4374K, capacity 4562K, committed 4608K, reserved 1048576K
}
Event: 70.309 GC heap before
{Heap before GC invocations=6 (full 3):
 PSYoungGen      total 76288K, used 10750K [0x000000076ab00000, 0x0000000770000000, 0x00000007c0000000)
  eden space 65536K, 0% used [0x000000076ab00000,0x000000076ab00000,0x000000076eb00000)
  from space 10752K, 99% used [0x000000076eb00000,0x000000076f57f818,0x000000076f580000)
  to   space 10752K, 0% used [0x000000076f580000,0x000000076f580000,0x0000000770000000)
 ParOldGen       total 75264K, used 5368K [0x00000006c0000000, 0x00000006c4980000, 0x000000076ab00000)
  object space 75264K, 7% used [0x00000006c0000000,0x00000006c053e220,0x00000006c4980000)
 Metaspace       used 58375K, capacity 58822K, committed 58880K, reserved 1103872K
  class space    used 4374K, capacity 4562K, committed 4608K, reserved 1048576K
Event: 70.388 GC heap after
Heap after GC invocations=6 (full 3):
 PSYoungGen      total 76288K, used 0K [0x000000076ab00000, 0x0000000770000000, 0x00000007c0000000)
  eden space 65536K, 0% used [0x000000076ab00000,0x000000076ab00000,0x000000076eb00000)
  from space 10752K, 0% used [0x000000076eb00000,0x000000076eb00000,0x000000076f580000)
  to   space 10752K, 0% used [0x000000076f580000,0x000000076f580000,0x0000000770000000)
 ParOldGen       total 84992K, used 14535K [0x00000006c0000000, 0x00000006c5300000, 0x000000076ab00000)
  object space 84992K, 17% used [0x00000006c0000000,0x00000006c0e31d98,0x00000006c5300000)
 Metaspace       used 58375K, capacity 58822K, committed 58880K, reserved 1103872K
  class space    used 4374K, capacity 4562K, committed 4608K, reserved 1048576K
}
Event: 70.902 GC heap before
{Heap before GC invocations=7 (full 3):
 PSYoungGen      total 76288K, used 4788K [0x000000076ab00000, 0x0000000770000000, 0x00000007c0000000)
  eden space 65536K, 7% used [0x000000076ab00000,0x000000076afad190,0x000000076eb00000)
  from space 10752K, 0% used [0x000000076eb00000,0x000000076eb00000,0x000000076f580000)
  to   space 10752K, 0% used [0x000000076f580000,0x000000076f580000,0x0000000770000000)
 ParOldGen       total 84992K, used 14535K [0x00000006c0000000, 0x00000006c5300000, 0x000000076ab00000)
  object space 84992K, 17% used [0x00000006c0000000,0x00000006c0e31d98,0x00000006c5300000)
 Metaspace       used 58524K, capacity 59014K, committed 59136K, reserved 1103872K
  class space    used 4374K, capacity 4562K, committed 4608K, reserved 1048576K
Event: 70.906 GC heap after
Heap after GC invocations=7 (full 3):
 PSYoungGen      total 76288K, used 192K [0x000000076ab00000, 0x0000000770000000, 0x00000007c0000000)
  eden space 65536K, 0% used [0x000000076ab00000,0x000000076ab00000,0x000000076eb00000)
  from space 10752K, 1% used [0x000000076f580000,0x000000076f5b0000,0x0000000770000000)
  to   space 10752K, 0% used [0x000000076eb00000,0x000000076eb00000,0x000000076f580000)
 ParOldGen       total 84992K, used 14543K [0x00000006c0000000, 0x00000006c5300000, 0x000000076ab00000)
  object space 84992K, 17% used [0x00000006c0000000,0x00000006c0e33d98,0x00000006c5300000)
 Metaspace       used 58524K, capacity 59014K, committed 59136K, reserved 1103872K
  class space    used 4374K, capacity 4562K, committed 4608K, reserved 1048576K
}
Event: 70.906 GC heap before
{Heap before GC invocations=8 (full 4):
 PSYoungGen      total 76288K, used 192K [0x000000076ab00000, 0x0000000770000000, 0x00000007c0000000)
  eden space 65536K, 0% used [0x000000076ab00000,0x000000076ab00000,0x000000076eb00000)
  from space 10752K, 1% used [0x000000076f580000,0x000000076f5b0000,0x0000000770000000)
  to   space 10752K, 0% used [0x000000076eb00000,0x000000076eb00000,0x000000076f580000)
 ParOldGen       total 84992K, used 14543K [0x00000006c0000000, 0x00000006c5300000, 0x000000076ab00000)
  object space 84992K, 17% used [0x00000006c0000000,0x00000006c0e33d98,0x00000006c5300000)
 Metaspace       used 58524K, capacity 59014K, committed 59136K, reserved 1103872K
  class space    used 4374K, capacity 4562K, committed 4608K, reserved 1048576K
Event: 70.927 GC heap after
Heap after GC invocations=8 (full 4):
 PSYoungGen      total 76288K, used 0K [0x000000076ab00000, 0x0000000770000000, 0x00000007c0000000)
  eden space 65536K, 0% used [0x000000076ab00000,0x000000076ab00000,0x000000076eb00000)
  from space 10752K, 0% used [0x000000076f580000,0x000000076f580000,0x0000000770000000)
  to   space 10752K, 0% used [0x000000076eb00000,0x000000076eb00000,0x000000076f580000)
 ParOldGen       total 110592K, used 5831K [0x00000006c0000000, 0x00000006c6c00000, 0x000000076ab00000)
  object space 110592K, 5% used [0x00000006c0000000,0x00000006c05b1e08,0x00000006c6c00000)
 Metaspace       used 58522K, capacity 59008K, committed 59136K, reserved 1103872K
  class space    used 4374K, capacity 4561K, committed 4608K, reserved 1048576K
}

